{"C:\\Users\\Viviana\\Documents\\react2025\\02-first-steps\\src\\FirstStepsApp.tsx": {"path":"C:\\Users\\Viviana\\Documents\\react2025\\02-first-steps\\src\\FirstStepsApp.tsx","all":false,"statementMap":{"0":{"start":{"line":1,"column":0},"end":{"line":1,"column":58}},"8":{"start":{"line":9,"column":0},"end":{"line":9,"column":35}},"9":{"start":{"line":10,"column":0},"end":{"line":10,"column":50}},"10":{"start":{"line":11,"column":0},"end":{"line":11,"column":47}},"11":{"start":{"line":12,"column":0},"end":{"line":12,"column":44}},"12":{"start":{"line":13,"column":0},"end":{"line":13,"column":43}},"13":{"start":{"line":14,"column":0},"end":{"line":14,"column":1}},"16":{"start":{"line":17,"column":0},"end":{"line":17,"column":33}},"17":{"start":{"line":18,"column":0},"end":{"line":18,"column":10}},"18":{"start":{"line":19,"column":0},"end":{"line":19,"column":6}},"19":{"start":{"line":20,"column":0},"end":{"line":20,"column":33}},"21":{"start":{"line":22,"column":0},"end":{"line":22,"column":54}},"22":{"start":{"line":23,"column":0},"end":{"line":23,"column":81}},"33":{"start":{"line":34,"column":0},"end":{"line":34,"column":1}}},"s":{"0":1,"8":1,"9":1,"10":1,"11":1,"12":1,"13":1,"16":1,"17":3,"18":3,"19":3,"21":3,"22":3,"33":3},"branchMap":{"0":{"type":"branch","line":17,"loc":{"start":{"line":17,"column":7},"end":{"line":34,"column":1}},"locations":[{"start":{"line":17,"column":7},"end":{"line":34,"column":1}}]}},"b":{"0":[3]},"fnMap":{"0":{"name":"FirstStepsApp","decl":{"start":{"line":17,"column":7},"end":{"line":34,"column":1}},"loc":{"start":{"line":17,"column":7},"end":{"line":34,"column":1}},"line":17}},"f":{"0":3}}
,"C:\\Users\\Viviana\\Documents\\react2025\\02-first-steps\\src\\MyAwesomeApp.tsx": {"path":"C:\\Users\\Viviana\\Documents\\react2025\\02-first-steps\\src\\MyAwesomeApp.tsx","all":false,"statementMap":{"0":{"start":{"line":1,"column":0},"end":{"line":1,"column":38}},"2":{"start":{"line":3,"column":0},"end":{"line":3,"column":28}},"3":{"start":{"line":4,"column":0},"end":{"line":4,"column":28}},"5":{"start":{"line":6,"column":0},"end":{"line":6,"column":59}},"6":{"start":{"line":7,"column":0},"end":{"line":7,"column":23}},"7":{"start":{"line":8,"column":0},"end":{"line":8,"column":17}},"8":{"start":{"line":9,"column":0},"end":{"line":9,"column":20}},"9":{"start":{"line":10,"column":0},"end":{"line":10,"column":20}},"10":{"start":{"line":11,"column":0},"end":{"line":11,"column":1}},"11":{"start":{"line":12,"column":0},"end":{"line":12,"column":31}},"12":{"start":{"line":13,"column":0},"end":{"line":13,"column":32}},"13":{"start":{"line":14,"column":0},"end":{"line":14,"column":25}},"14":{"start":{"line":15,"column":0},"end":{"line":15,"column":20}},"15":{"start":{"line":16,"column":0},"end":{"line":16,"column":21}},"16":{"start":{"line":17,"column":0},"end":{"line":17,"column":2}},"17":{"start":{"line":18,"column":0},"end":{"line":18,"column":28}},"18":{"start":{"line":19,"column":0},"end":{"line":19,"column":10}},"19":{"start":{"line":20,"column":0},"end":{"line":20,"column":9}},"20":{"start":{"line":21,"column":0},"end":{"line":21,"column":57}},"21":{"start":{"line":22,"column":0},"end":{"line":22,"column":26}},"22":{"start":{"line":23,"column":0},"end":{"line":23,"column":25}},"23":{"start":{"line":24,"column":0},"end":{"line":24,"column":40}},"24":{"start":{"line":25,"column":0},"end":{"line":25,"column":20}},"25":{"start":{"line":26,"column":0},"end":{"line":26,"column":52}},"27":{"start":{"line":28,"column":0},"end":{"line":28,"column":26}},"28":{"start":{"line":29,"column":0},"end":{"line":29,"column":38}},"31":{"start":{"line":32,"column":0},"end":{"line":32,"column":1}},"33":{"start":{"line":34,"column":0},"end":{"line":34,"column":27}}},"s":{"0":1,"2":1,"3":1,"5":1,"6":1,"7":1,"8":1,"9":1,"10":1,"11":1,"12":1,"13":1,"14":1,"15":1,"16":1,"17":1,"18":1,"19":1,"20":1,"21":1,"22":1,"23":1,"24":1,"25":1,"27":1,"28":1,"31":1,"33":1},"branchMap":{"0":{"type":"branch","line":18,"loc":{"start":{"line":18,"column":21},"end":{"line":32,"column":1}},"locations":[{"start":{"line":18,"column":21},"end":{"line":32,"column":1}}]},"1":{"type":"branch","line":26,"loc":{"start":{"line":26,"column":11},"end":{"line":26,"column":33}},"locations":[{"start":{"line":26,"column":11},"end":{"line":26,"column":33}}]}},"b":{"0":[1],"1":[0]},"fnMap":{"0":{"name":"MyAwesomeApp","decl":{"start":{"line":18,"column":21},"end":{"line":32,"column":1}},"loc":{"start":{"line":18,"column":21},"end":{"line":32,"column":1}},"line":18}},"f":{"0":1}}
,"C:\\Users\\Viviana\\Documents\\react2025\\02-first-steps\\src\\main.tsx": {"path":"C:\\Users\\Viviana\\Documents\\react2025\\02-first-steps\\src\\main.tsx","all":true,"statementMap":{"0":{"start":{"line":1,"column":0},"end":{"line":1,"column":34}},"1":{"start":{"line":2,"column":0},"end":{"line":2,"column":45}},"2":{"start":{"line":3,"column":0},"end":{"line":3,"column":44}},"3":{"start":{"line":4,"column":0},"end":{"line":4,"column":45}},"7":{"start":{"line":8,"column":0},"end":{"line":8,"column":52}},"8":{"start":{"line":9,"column":0},"end":{"line":9,"column":14}},"9":{"start":{"line":10,"column":0},"end":{"line":10,"column":20}}},"s":{"0":0,"1":0,"2":0,"3":0,"7":0,"8":0,"9":0},"branchMap":{"0":{"type":"branch","line":1,"loc":{"start":{"line":1,"column":313},"end":{"line":13,"column":2}},"locations":[{"start":{"line":1,"column":313},"end":{"line":13,"column":2}}]}},"b":{"0":[0]},"fnMap":{"0":{"name":"(empty-report)","decl":{"start":{"line":1,"column":313},"end":{"line":13,"column":2}},"loc":{"start":{"line":1,"column":313},"end":{"line":13,"column":2}},"line":1}},"f":{"0":0}}
,"C:\\Users\\Viviana\\Documents\\react2025\\02-first-steps\\src\\helpers\\math.helper.ts": {"path":"C:\\Users\\Viviana\\Documents\\react2025\\02-first-steps\\src\\helpers\\math.helper.ts","all":false,"statementMap":{"0":{"start":{"line":1,"column":0},"end":{"line":1,"column":46}},"1":{"start":{"line":2,"column":0},"end":{"line":2,"column":15}},"2":{"start":{"line":3,"column":0},"end":{"line":3,"column":1}},"4":{"start":{"line":5,"column":0},"end":{"line":5,"column":51}},"5":{"start":{"line":6,"column":0},"end":{"line":6,"column":15}},"6":{"start":{"line":7,"column":0},"end":{"line":7,"column":1}},"8":{"start":{"line":9,"column":0},"end":{"line":9,"column":51}},"9":{"start":{"line":10,"column":0},"end":{"line":10,"column":15}},"10":{"start":{"line":11,"column":0},"end":{"line":11,"column":1}},"12":{"start":{"line":13,"column":0},"end":{"line":13,"column":49}},"13":{"start":{"line":14,"column":0},"end":{"line":14,"column":15}},"14":{"start":{"line":15,"column":0},"end":{"line":15,"column":1}}},"s":{"0":1,"1":1,"2":1,"4":1,"5":1,"6":1,"8":1,"9":1,"10":1,"12":1,"13":1,"14":1},"branchMap":{"0":{"type":"branch","line":1,"loc":{"start":{"line":1,"column":19},"end":{"line":3,"column":1}},"locations":[{"start":{"line":1,"column":19},"end":{"line":3,"column":1}}]},"1":{"type":"branch","line":5,"loc":{"start":{"line":5,"column":24},"end":{"line":7,"column":1}},"locations":[{"start":{"line":5,"column":24},"end":{"line":7,"column":1}}]},"2":{"type":"branch","line":9,"loc":{"start":{"line":9,"column":24},"end":{"line":11,"column":1}},"locations":[{"start":{"line":9,"column":24},"end":{"line":11,"column":1}}]},"3":{"type":"branch","line":13,"loc":{"start":{"line":13,"column":22},"end":{"line":15,"column":1}},"locations":[{"start":{"line":13,"column":22},"end":{"line":15,"column":1}}]}},"b":{"0":[1],"1":[1],"2":[1],"3":[1]},"fnMap":{"0":{"name":"add","decl":{"start":{"line":1,"column":19},"end":{"line":3,"column":1}},"loc":{"start":{"line":1,"column":19},"end":{"line":3,"column":1}},"line":1},"1":{"name":"subtract","decl":{"start":{"line":5,"column":24},"end":{"line":7,"column":1}},"loc":{"start":{"line":5,"column":24},"end":{"line":7,"column":1}},"line":5},"2":{"name":"multiply","decl":{"start":{"line":9,"column":24},"end":{"line":11,"column":1}},"loc":{"start":{"line":9,"column":24},"end":{"line":11,"column":1}},"line":9},"3":{"name":"divide","decl":{"start":{"line":13,"column":22},"end":{"line":15,"column":1}},"loc":{"start":{"line":13,"column":22},"end":{"line":15,"column":1}},"line":13}},"f":{"0":1,"1":1,"2":1,"3":1}}
,"C:\\Users\\Viviana\\Documents\\react2025\\02-first-steps\\src\\shopping-card\\ItemCounter.tsx": {"path":"C:\\Users\\Viviana\\Documents\\react2025\\02-first-steps\\src\\shopping-card\\ItemCounter.tsx","all":false,"statementMap":{"0":{"start":{"line":1,"column":0},"end":{"line":1,"column":33}},"8":{"start":{"line":9,"column":0},"end":{"line":9,"column":62}},"10":{"start":{"line":11,"column":0},"end":{"line":11,"column":47}},"12":{"start":{"line":13,"column":0},"end":{"line":13,"column":27}},"13":{"start":{"line":14,"column":0},"end":{"line":14,"column":24}},"14":{"start":{"line":15,"column":0},"end":{"line":15,"column":3}},"15":{"start":{"line":16,"column":0},"end":{"line":16,"column":31}},"16":{"start":{"line":17,"column":0},"end":{"line":17,"column":26}},"18":{"start":{"line":19,"column":0},"end":{"line":19,"column":24}},"20":{"start":{"line":21,"column":0},"end":{"line":21,"column":32}},"21":{"start":{"line":22,"column":0},"end":{"line":22,"column":35}},"22":{"start":{"line":23,"column":0},"end":{"line":23,"column":6}},"23":{"start":{"line":24,"column":0},"end":{"line":24,"column":1}},"24":{"start":{"line":25,"column":0},"end":{"line":25,"column":10}},"25":{"start":{"line":26,"column":0},"end":{"line":26,"column":33}},"34":{"start":{"line":35,"column":0},"end":{"line":35,"column":33}},"35":{"start":{"line":36,"column":0},"end":{"line":36,"column":14}},"36":{"start":{"line":37,"column":0},"end":{"line":37,"column":43}},"37":{"start":{"line":38,"column":0},"end":{"line":38,"column":8}},"39":{"start":{"line":40,"column":0},"end":{"line":40,"column":14}},"41":{"start":{"line":42,"column":0},"end":{"line":42,"column":15}},"42":{"start":{"line":43,"column":0},"end":{"line":43,"column":33}},"43":{"start":{"line":44,"column":0},"end":{"line":44,"column":47}},"44":{"start":{"line":45,"column":0},"end":{"line":45,"column":13}},"45":{"start":{"line":46,"column":0},"end":{"line":46,"column":40}},"46":{"start":{"line":47,"column":0},"end":{"line":47,"column":26}},"47":{"start":{"line":48,"column":0},"end":{"line":48,"column":51}},"50":{"start":{"line":51,"column":0},"end":{"line":51,"column":3}}},"s":{"0":1,"8":1,"10":8,"12":8,"13":1,"14":1,"15":8,"16":2,"18":1,"20":1,"21":1,"22":1,"23":1,"24":8,"25":8,"34":8,"35":8,"36":8,"37":8,"39":8,"41":8,"42":8,"43":8,"44":8,"45":8,"46":8,"47":8,"50":8},"branchMap":{"0":{"type":"branch","line":9,"loc":{"start":{"line":9,"column":27},"end":{"line":51,"column":3}},"locations":[{"start":{"line":9,"column":27},"end":{"line":51,"column":3}}]},"1":{"type":"branch","line":37,"loc":{"start":{"line":37,"column":24},"end":{"line":37,"column":35}},"locations":[{"start":{"line":37,"column":24},"end":{"line":37,"column":35}}]},"2":{"type":"branch","line":37,"loc":{"start":{"line":37,"column":28},"end":{"line":37,"column":43}},"locations":[{"start":{"line":37,"column":28},"end":{"line":37,"column":43}}]},"3":{"type":"branch","line":13,"loc":{"start":{"line":13,"column":21},"end":{"line":15,"column":3}},"locations":[{"start":{"line":13,"column":21},"end":{"line":15,"column":3}}]},"4":{"type":"branch","line":16,"loc":{"start":{"line":16,"column":25},"end":{"line":24,"column":1}},"locations":[{"start":{"line":16,"column":25},"end":{"line":24,"column":1}}]},"5":{"type":"branch","line":17,"loc":{"start":{"line":17,"column":19},"end":{"line":24,"column":1}},"locations":[{"start":{"line":17,"column":19},"end":{"line":24,"column":1}}]}},"b":{"0":[8],"1":[4],"2":[4],"3":[1],"4":[2],"5":[1]},"fnMap":{"0":{"name":"ItemCounter","decl":{"start":{"line":9,"column":27},"end":{"line":51,"column":3}},"loc":{"start":{"line":9,"column":27},"end":{"line":51,"column":3}},"line":9},"1":{"name":"handleAdd","decl":{"start":{"line":13,"column":21},"end":{"line":15,"column":3}},"loc":{"start":{"line":13,"column":21},"end":{"line":15,"column":3}},"line":13},"2":{"name":"handleSubtract","decl":{"start":{"line":16,"column":25},"end":{"line":24,"column":1}},"loc":{"start":{"line":16,"column":25},"end":{"line":24,"column":1}},"line":16}},"f":{"0":8,"1":1,"2":2}}
}
